<?xml version="1.0" encoding="UTF-8"?>
<!-- Generated by org.testng.reporters.JUnitReportReporter -->
<testsuite skipped="0" hostname="Michaels-MacBook-Pro.local" name="example.NewTest" tests="1" failures="0" timestamp="27 Dec 2017 10:01:18 GMT" time="0.007" errors="0">
  <testcase name="simpleTest" time="0.007" classname="example.NewTest"/>
</testsuite> <!-- example.NewTest -->
