<?xml version="1.0" encoding="UTF-8"?>
<!-- Generated by org.testng.reporters.JUnitReportReporter -->
<testsuite skipped="0" hostname="Michaels-MacBook-Pro.local" name="by.onliner.testcases.OnlinerFlowTestMaven" tests="1" failures="0" timestamp="13 Jan 2018 10:07:13 GMT" time="50.280" errors="0">
  <testcase name="e2eOnlinerCatalogTest" time="50.280" classname="by.onliner.testcases.OnlinerFlowTestMaven"/>
</testsuite> <!-- by.onliner.testcases.OnlinerFlowTestMaven -->
