<?xml version="1.0" encoding="UTF-8"?>
<!-- Generated by org.testng.reporters.JUnitReportReporter -->
<testsuite skipped="0" hostname="Michaels-MacBook-Pro.local" name="example.NewTest" tests="1" failures="0" timestamp="02 Jan 2018 17:49:46 GMT" time="0.000" errors="0">
  <testcase name="simpleTest" time="0.000" classname="example.NewTest"/>
</testsuite> <!-- example.NewTest -->
